<?xml version="1.0" encoding="UTF-8"?>
<!-- Generated by org.testng.reporters.JUnitReportReporter -->
<testsuite hostname="DESKTOP-D1IA6PS" failures="0" tests="1" name="com.urbanladder.runner.giftcardRunner" time="4.381" errors="0" timestamp="2021-09-23T15:07:56 IST" skipped="0">
  <testcase classname="com.urbanladder.runner.giftcardRunner" name="cart" time="4.381"/>
  <system-out/>
</testsuite> <!-- com.urbanladder.runner.giftcardRunner -->
