<?xml version="1.0" encoding="UTF-8"?>
<!-- Generated by org.testng.reporters.JUnitReportReporter -->
<testsuite hostname="DESKTOP-D1IA6PS" failures="0" tests="1" name="com.urbanladder.runner.qarunner" time="4.434" errors="0" timestamp="2021-09-24T09:31:54 IST" skipped="0">
  <testcase classname="com.urbanladder.runner.qarunner" name="cart" time="4.434"/>
  <system-out/>
</testsuite> <!-- com.urbanladder.runner.qarunner -->
