<?xml version="1.0" encoding="UTF-8"?>
<!-- Generated by org.testng.reporters.JUnitReportReporter -->
<testsuite hostname="DESKTOP-D1IA6PS" failures="0" tests="1" name="com.urbanladder.runner.addtocartRunner" time="8.297" errors="0" timestamp="2021-09-23T15:40:59 IST" skipped="0">
  <testcase classname="com.urbanladder.runner.addtocartRunner" name="testSearchTitle" time="8.297"/>
  <system-out/>
</testsuite> <!-- com.urbanladder.runner.addtocartRunner -->
