<?xml version="1.0" encoding="UTF-8"?>
<!-- Generated by org.testng.reporters.JUnitReportReporter -->
<testsuite hostname="DESKTOP-D1IA6PS" failures="0" tests="1" name="com.urbanladder.runner.signupRunner" time="23.376" errors="0" timestamp="2021-09-23T11:38:28 IST" skipped="0">
  <testcase classname="com.urbanladder.runner.signupRunner" name="cart" time="23.376"/>
  <system-out/>
</testsuite> <!-- com.urbanladder.runner.signupRunner -->
