<?xml version="1.0" encoding="UTF-8"?>
<!-- Generated by org.testng.reporters.JUnitReportReporter -->
<testsuite hostname="DESKTOP-D1IA6PS" failures="0" tests="1" name="com.urbanladder.runner.loginpagerunner" time="14.560" errors="0" timestamp="2021-09-23T12:40:24 IST" skipped="0">
  <testcase classname="com.urbanladder.runner.loginpagerunner" name="cart" time="14.560"/>
  <system-out/>
</testsuite> <!-- com.urbanladder.runner.loginpagerunner -->
