<?xml version="1.0" encoding="UTF-8"?>
<!-- Generated by org.testng.reporters.JUnitReportReporter -->
<testsuite hostname="DESKTOP-D1IA6PS" failures="0" tests="10" name="com.urbanladder.runner.Runner" time="130.717" errors="0" timestamp="2021-09-26T18:58:07 IST" skipped="0">
  <testcase classname="com.urbanladder.runner.Runner" name="addtocart" time="11.399"/>
  <system-out/>
  <testcase classname="com.urbanladder.runner.Runner" name="cart" time="10.519"/>
  <system-out/>
  <testcase classname="com.urbanladder.runner.Runner" name="customerStories" time="11.320"/>
  <system-out/>
  <testcase classname="com.urbanladder.runner.Runner" name="giftcard" time="10.410"/>
  <system-out/>
  <testcase classname="com.urbanladder.runner.Runner" name="homepagesearch" time="11.246"/>
  <system-out/>
  <testcase classname="com.urbanladder.runner.Runner" name="login" time="16.651"/>
  <system-out/>
  <testcase classname="com.urbanladder.runner.Runner" name="qapage" time="11.246"/>
  <system-out/>
  <testcase classname="com.urbanladder.runner.Runner" name="signup" time="30.265"/>
  <system-out/>
  <testcase classname="com.urbanladder.runner.Runner" name="subscription" time="6.864"/>
  <system-out/>
  <testcase classname="com.urbanladder.runner.Runner" name="track" time="10.797"/>
  <system-out/>
</testsuite> <!-- com.urbanladder.runner.Runner -->
