<?xml version="1.0" encoding="UTF-8"?>
<!-- Generated by org.testng.reporters.JUnitReportReporter -->
<testsuite hostname="DESKTOP-D1IA6PS" failures="0" tests="1" name="com.urbanladder.runner.login" time="18.347" errors="0" timestamp="2021-09-25T14:16:26 IST" skipped="0">
  <testcase classname="com.urbanladder.runner.login" name="login" time="18.347"/>
  <system-out/>
</testsuite> <!-- com.urbanladder.runner.login -->
