<?xml version="1.0" encoding="UTF-8"?>
<!-- Generated by org.testng.reporters.JUnitReportReporter -->
<testsuite hostname="DESKTOP-D1IA6PS" failures="0" tests="1" name="com.urbanladder.runner.trackorderRunner" time="5.042" errors="0" timestamp="2021-09-23T11:41:19 IST" skipped="0">
  <testcase classname="com.urbanladder.runner.trackorderRunner" name="track" time="5.042"/>
  <system-out/>
</testsuite> <!-- com.urbanladder.runner.trackorderRunner -->
