<?xml version="1.0" encoding="UTF-8"?>
<!-- Generated by org.testng.reporters.JUnitReportReporter -->
<testsuite hostname="DESKTOP-D1IA6PS" failures="0" tests="1" name="com.urbanladder.runner.homepagesearchRunner" time="4.837" errors="0" timestamp="2021-09-22T12:58:51 IST" skipped="0">
  <testcase classname="com.urbanladder.runner.homepagesearchRunner" name="testSearchTitle" time="4.837"/>
  <system-out/>
</testsuite> <!-- com.urbanladder.runner.homepagesearchRunner -->
