<?xml version="1.0" encoding="UTF-8"?>
<!-- Generated by org.testng.reporters.JUnitReportReporter -->
<testsuite hostname="DESKTOP-D1IA6PS" failures="0" tests="1" name="com.urbanladder.runner.cartRunner" time="4.015" errors="0" timestamp="2021-09-24T06:38:23 IST" skipped="0">
  <testcase classname="com.urbanladder.runner.cartRunner" name="cart" time="4.015"/>
  <system-out/>
</testsuite> <!-- com.urbanladder.runner.cartRunner -->
