<?xml version="1.0" encoding="UTF-8"?>
<!-- Generated by org.testng.reporters.JUnitReportReporter -->
<testsuite hostname="DESKTOP-D1IA6PS" failures="0" tests="1" name="com.urbanladder.runner.subscriptionRunner" time="5.741" errors="0" timestamp="2021-09-23T14:16:13 IST" skipped="0">
  <testcase classname="com.urbanladder.runner.subscriptionRunner" name="cart" time="5.741"/>
  <system-out/>
</testsuite> <!-- com.urbanladder.runner.subscriptionRunner -->
