<?xml version="1.0" encoding="UTF-8"?>
<!-- Generated by org.testng.reporters.JUnitReportReporter -->
<testsuite hostname="DESKTOP-D1IA6PS" failures="0" tests="1" name="com.urbanladder.runner.customerStoriesRunner" time="5.437" errors="0" timestamp="2021-09-23T11:52:15 IST" skipped="0">
  <testcase classname="com.urbanladder.runner.customerStoriesRunner" name="cart" time="5.437"/>
  <system-out/>
</testsuite> <!-- com.urbanladder.runner.customerStoriesRunner -->
