<?xml version="1.0" encoding="UTF-8"?>
<!-- Generated by org.testng.reporters.JUnitReportReporter -->
<testsuite hostname="DESKTOP-D1IA6PS" failures="0" tests="10" name="com.urbanladder.runner.Runner" time="137.108" errors="0" timestamp="2021-09-25T15:33:14 IST" skipped="0">
  <testcase classname="com.urbanladder.runner.Runner" name="addtocart" time="12.273"/>
  <system-out/>
  <testcase classname="com.urbanladder.runner.Runner" name="cart" time="11.087"/>
  <system-out/>
  <testcase classname="com.urbanladder.runner.Runner" name="customerStories" time="9.333"/>
  <system-out/>
  <testcase classname="com.urbanladder.runner.Runner" name="giftcard" time="9.423"/>
  <system-out/>
  <testcase classname="com.urbanladder.runner.Runner" name="homepagesearch" time="13.044"/>
  <system-out/>
  <testcase classname="com.urbanladder.runner.Runner" name="login" time="23.231"/>
  <system-out/>
  <testcase classname="com.urbanladder.runner.Runner" name="qapage" time="8.032"/>
  <system-out/>
  <testcase classname="com.urbanladder.runner.Runner" name="signup" time="29.522"/>
  <system-out/>
  <testcase classname="com.urbanladder.runner.Runner" name="subscription" time="8.493"/>
  <system-out/>
  <testcase classname="com.urbanladder.runner.Runner" name="track" time="12.670"/>
  <system-out/>
</testsuite> <!-- com.urbanladder.runner.Runner -->
