<?xml version="1.0" encoding="UTF-8"?>
<!-- Generated by org.testng.reporters.JUnitReportReporter -->
<testsuite hostname="DESKTOP-D1IA6PS" failures="0" tests="10" name="com.urbanladder.runner.Runner" time="138.310" errors="0" timestamp="2021-09-25T19:05:50 IST" skipped="0">
  <testcase classname="com.urbanladder.runner.Runner" name="addtocart" time="17.606"/>
  <system-out/>
  <testcase classname="com.urbanladder.runner.Runner" name="cart" time="10.001"/>
  <system-out/>
  <testcase classname="com.urbanladder.runner.Runner" name="customerStories" time="9.343"/>
  <system-out/>
  <testcase classname="com.urbanladder.runner.Runner" name="giftcard" time="9.095"/>
  <system-out/>
  <testcase classname="com.urbanladder.runner.Runner" name="homepagesearch" time="15.842"/>
  <system-out/>
  <testcase classname="com.urbanladder.runner.Runner" name="login" time="19.479"/>
  <system-out/>
  <testcase classname="com.urbanladder.runner.Runner" name="qapage" time="8.274"/>
  <system-out/>
  <testcase classname="com.urbanladder.runner.Runner" name="signup" time="27.386"/>
  <system-out/>
  <testcase classname="com.urbanladder.runner.Runner" name="subscription" time="8.510"/>
  <system-out/>
  <testcase classname="com.urbanladder.runner.Runner" name="track" time="12.774"/>
  <system-out/>
</testsuite> <!-- com.urbanladder.runner.Runner -->
